2020-10-20 03:43:37 Notice: Notice (8): Undefined variable: companies in [C:\Program Files\Ampps\www\CompagnieInfo\src\Template\Files\add.ctp, line 24]
Request URL: /files/add
Referer URL: http://localhost/CompagnieInfo/users/login?redirect=%2Ffiles%2Fadd
Trace:
Cake\Error\BaseErrorHandler::handleError() - CORE\src\Error\BaseErrorHandler.php, line 168
Cake\Core\BasePlugin::{closure}() - ROOT\vendor\cakephp\debug_kit\config\bootstrap.php, line 43
include - APP/Template\Files\add.ctp, line 24
Cake\View\View::_evaluate() - CORE\src\View\View.php, line 1435
Cake\View\View::_render() - CORE\src\View\View.php, line 1393
Cake\View\View::render() - CORE\src\View\View.php, line 892
Cake\Controller\Controller::render() - CORE\src\Controller\Controller.php, line 791
Cake\Http\ActionDispatcher::_invoke() - CORE\src\Http\ActionDispatcher.php, line 126
Cake\Http\ActionDispatcher::dispatch() - CORE\src\Http\ActionDispatcher.php, line 94
Cake\Http\BaseApplication::__invoke() - CORE\src\Http\BaseApplication.php, line 256
Cake\Http\Runner::__invoke() - CORE\src\Http\Runner.php, line 65
Cake\Http\Runner::__invoke() - CORE\src\Http\Runner.php, line 65
Cake\Http\Middleware\CsrfProtectionMiddleware::__invoke() - CORE\src\Http\Middleware\CsrfProtectionMiddleware.php, line 126
Cake\Http\Runner::__invoke() - CORE\src\Http\Runner.php, line 65
Cake\Http\Runner::run() - CORE\src\Http\Runner.php, line 51
Cake\Routing\Middleware\RoutingMiddleware::__invoke() - CORE\src\Routing\Middleware\RoutingMiddleware.php, line 170
Cake\Http\Runner::__invoke() - CORE\src\Http\Runner.php, line 65
Cake\Routing\Middleware\AssetMiddleware::__invoke() - CORE\src\Routing\Middleware\AssetMiddleware.php, line 88
Cake\Http\Runner::__invoke() - CORE\src\Http\Runner.php, line 65
Cake\Error\Middleware\ErrorHandlerMiddleware::__invoke() - CORE\src\Error\Middleware\ErrorHandlerMiddleware.php, line 96
Cake\Http\Runner::__invoke() - CORE\src\Http\Runner.php, line 65
DebugKit\Middleware\DebugKitMiddleware::__invoke() - ROOT\vendor\cakephp\debug_kit\src\Middleware\DebugKitMiddleware.php, line 53
Cake\Http\Runner::__invoke() - CORE\src\Http\Runner.php, line 65
Cake\Http\Runner::run() - CORE\src\Http\Runner.php, line 51
Cake\Http\Server::run() - CORE\src\Http\Server.php, line 97
[main] - ROOT\webroot\index.php, line 40



2020-10-20 03:45:13 Notice: Notice (8): Undefined variable: companies in [C:\Program Files\Ampps\www\CompagnieInfo\src\Template\Files\add.ctp, line 24]
Request URL: /files/add
Referer URL: http://localhost/CompagnieInfo/users/login?redirect=%2Ffiles%2Fadd
Trace:
Cake\Error\BaseErrorHandler::handleError() - CORE\src\Error\BaseErrorHandler.php, line 168
Cake\Core\BasePlugin::{closure}() - ROOT\vendor\cakephp\debug_kit\config\bootstrap.php, line 43
include - APP/Template\Files\add.ctp, line 24
Cake\View\View::_evaluate() - CORE\src\View\View.php, line 1435
Cake\View\View::_render() - CORE\src\View\View.php, line 1393
Cake\View\View::render() - CORE\src\View\View.php, line 892
Cake\Controller\Controller::render() - CORE\src\Controller\Controller.php, line 791
Cake\Http\ActionDispatcher::_invoke() - CORE\src\Http\ActionDispatcher.php, line 126
Cake\Http\ActionDispatcher::dispatch() - CORE\src\Http\ActionDispatcher.php, line 94
Cake\Http\BaseApplication::__invoke() - CORE\src\Http\BaseApplication.php, line 256
Cake\Http\Runner::__invoke() - CORE\src\Http\Runner.php, line 65
Cake\Http\Runner::__invoke() - CORE\src\Http\Runner.php, line 65
Cake\Http\Middleware\CsrfProtectionMiddleware::__invoke() - CORE\src\Http\Middleware\CsrfProtectionMiddleware.php, line 126
Cake\Http\Runner::__invoke() - CORE\src\Http\Runner.php, line 65
Cake\Http\Runner::run() - CORE\src\Http\Runner.php, line 51
Cake\Routing\Middleware\RoutingMiddleware::__invoke() - CORE\src\Routing\Middleware\RoutingMiddleware.php, line 170
Cake\Http\Runner::__invoke() - CORE\src\Http\Runner.php, line 65
Cake\Routing\Middleware\AssetMiddleware::__invoke() - CORE\src\Routing\Middleware\AssetMiddleware.php, line 88
Cake\Http\Runner::__invoke() - CORE\src\Http\Runner.php, line 65
Cake\Error\Middleware\ErrorHandlerMiddleware::__invoke() - CORE\src\Error\Middleware\ErrorHandlerMiddleware.php, line 96
Cake\Http\Runner::__invoke() - CORE\src\Http\Runner.php, line 65
DebugKit\Middleware\DebugKitMiddleware::__invoke() - ROOT\vendor\cakephp\debug_kit\src\Middleware\DebugKitMiddleware.php, line 53
Cake\Http\Runner::__invoke() - CORE\src\Http\Runner.php, line 65
Cake\Http\Runner::run() - CORE\src\Http\Runner.php, line 51
Cake\Http\Server::run() - CORE\src\Http\Server.php, line 97
[main] - ROOT\webroot\index.php, line 40



2020-10-20 03:46:03 Notice: Notice (8): Undefined variable: companies in [C:\Program Files\Ampps\www\CompagnieInfo\src\Template\Files\add.ctp, line 24]
Request URL: /files/add
Referer URL: http://localhost/CompagnieInfo/users/login?redirect=%2Ffiles%2Fadd
Trace:
Cake\Error\BaseErrorHandler::handleError() - CORE\src\Error\BaseErrorHandler.php, line 168
Cake\Core\BasePlugin::{closure}() - ROOT\vendor\cakephp\debug_kit\config\bootstrap.php, line 43
include - APP/Template\Files\add.ctp, line 24
Cake\View\View::_evaluate() - CORE\src\View\View.php, line 1435
Cake\View\View::_render() - CORE\src\View\View.php, line 1393
Cake\View\View::render() - CORE\src\View\View.php, line 892
Cake\Controller\Controller::render() - CORE\src\Controller\Controller.php, line 791
Cake\Http\ActionDispatcher::_invoke() - CORE\src\Http\ActionDispatcher.php, line 126
Cake\Http\ActionDispatcher::dispatch() - CORE\src\Http\ActionDispatcher.php, line 94
Cake\Http\BaseApplication::__invoke() - CORE\src\Http\BaseApplication.php, line 256
Cake\Http\Runner::__invoke() - CORE\src\Http\Runner.php, line 65
Cake\Http\Runner::__invoke() - CORE\src\Http\Runner.php, line 65
Cake\Http\Middleware\CsrfProtectionMiddleware::__invoke() - CORE\src\Http\Middleware\CsrfProtectionMiddleware.php, line 126
Cake\Http\Runner::__invoke() - CORE\src\Http\Runner.php, line 65
Cake\Http\Runner::run() - CORE\src\Http\Runner.php, line 51
Cake\Routing\Middleware\RoutingMiddleware::__invoke() - CORE\src\Routing\Middleware\RoutingMiddleware.php, line 170
Cake\Http\Runner::__invoke() - CORE\src\Http\Runner.php, line 65
Cake\Routing\Middleware\AssetMiddleware::__invoke() - CORE\src\Routing\Middleware\AssetMiddleware.php, line 88
Cake\Http\Runner::__invoke() - CORE\src\Http\Runner.php, line 65
Cake\Error\Middleware\ErrorHandlerMiddleware::__invoke() - CORE\src\Error\Middleware\ErrorHandlerMiddleware.php, line 96
Cake\Http\Runner::__invoke() - CORE\src\Http\Runner.php, line 65
DebugKit\Middleware\DebugKitMiddleware::__invoke() - ROOT\vendor\cakephp\debug_kit\src\Middleware\DebugKitMiddleware.php, line 53
Cake\Http\Runner::__invoke() - CORE\src\Http\Runner.php, line 65
Cake\Http\Runner::run() - CORE\src\Http\Runner.php, line 51
Cake\Http\Server::run() - CORE\src\Http\Server.php, line 97
[main] - ROOT\webroot\index.php, line 40



2020-10-20 03:46:47 Notice: Notice (8): Undefined variable: companies in [C:\Program Files\Ampps\www\CompagnieInfo\src\Template\Files\add.ctp, line 23]
Request URL: /files/add
Referer URL: http://localhost/CompagnieInfo/users/login?redirect=%2Ffiles%2Fadd
Trace:
Cake\Error\BaseErrorHandler::handleError() - CORE\src\Error\BaseErrorHandler.php, line 168
Cake\Core\BasePlugin::{closure}() - ROOT\vendor\cakephp\debug_kit\config\bootstrap.php, line 43
include - APP/Template\Files\add.ctp, line 23
Cake\View\View::_evaluate() - CORE\src\View\View.php, line 1435
Cake\View\View::_render() - CORE\src\View\View.php, line 1393
Cake\View\View::render() - CORE\src\View\View.php, line 892
Cake\Controller\Controller::render() - CORE\src\Controller\Controller.php, line 791
Cake\Http\ActionDispatcher::_invoke() - CORE\src\Http\ActionDispatcher.php, line 126
Cake\Http\ActionDispatcher::dispatch() - CORE\src\Http\ActionDispatcher.php, line 94
Cake\Http\BaseApplication::__invoke() - CORE\src\Http\BaseApplication.php, line 256
Cake\Http\Runner::__invoke() - CORE\src\Http\Runner.php, line 65
Cake\Http\Runner::__invoke() - CORE\src\Http\Runner.php, line 65
Cake\Http\Middleware\CsrfProtectionMiddleware::__invoke() - CORE\src\Http\Middleware\CsrfProtectionMiddleware.php, line 126
Cake\Http\Runner::__invoke() - CORE\src\Http\Runner.php, line 65
Cake\Http\Runner::run() - CORE\src\Http\Runner.php, line 51
Cake\Routing\Middleware\RoutingMiddleware::__invoke() - CORE\src\Routing\Middleware\RoutingMiddleware.php, line 170
Cake\Http\Runner::__invoke() - CORE\src\Http\Runner.php, line 65
Cake\Routing\Middleware\AssetMiddleware::__invoke() - CORE\src\Routing\Middleware\AssetMiddleware.php, line 88
Cake\Http\Runner::__invoke() - CORE\src\Http\Runner.php, line 65
Cake\Error\Middleware\ErrorHandlerMiddleware::__invoke() - CORE\src\Error\Middleware\ErrorHandlerMiddleware.php, line 96
Cake\Http\Runner::__invoke() - CORE\src\Http\Runner.php, line 65
DebugKit\Middleware\DebugKitMiddleware::__invoke() - ROOT\vendor\cakephp\debug_kit\src\Middleware\DebugKitMiddleware.php, line 53
Cake\Http\Runner::__invoke() - CORE\src\Http\Runner.php, line 65
Cake\Http\Runner::run() - CORE\src\Http\Runner.php, line 51
Cake\Http\Server::run() - CORE\src\Http\Server.php, line 97
[main] - ROOT\webroot\index.php, line 40



2020-10-20 03:48:10 Notice: Notice (8): Undefined variable: companies in [C:\Program Files\Ampps\www\CompagnieInfo\src\Template\Files\add.ctp, line 23]
Request URL: /files/add
Referer URL: http://localhost/CompagnieInfo/users/login?redirect=%2Ffiles%2Fadd
Trace:
Cake\Error\BaseErrorHandler::handleError() - CORE\src\Error\BaseErrorHandler.php, line 168
Cake\Core\BasePlugin::{closure}() - ROOT\vendor\cakephp\debug_kit\config\bootstrap.php, line 43
include - APP/Template\Files\add.ctp, line 23
Cake\View\View::_evaluate() - CORE\src\View\View.php, line 1435
Cake\View\View::_render() - CORE\src\View\View.php, line 1393
Cake\View\View::render() - CORE\src\View\View.php, line 892
Cake\Controller\Controller::render() - CORE\src\Controller\Controller.php, line 791
Cake\Http\ActionDispatcher::_invoke() - CORE\src\Http\ActionDispatcher.php, line 126
Cake\Http\ActionDispatcher::dispatch() - CORE\src\Http\ActionDispatcher.php, line 94
Cake\Http\BaseApplication::__invoke() - CORE\src\Http\BaseApplication.php, line 256
Cake\Http\Runner::__invoke() - CORE\src\Http\Runner.php, line 65
Cake\Http\Runner::__invoke() - CORE\src\Http\Runner.php, line 65
Cake\Http\Middleware\CsrfProtectionMiddleware::__invoke() - CORE\src\Http\Middleware\CsrfProtectionMiddleware.php, line 126
Cake\Http\Runner::__invoke() - CORE\src\Http\Runner.php, line 65
Cake\Http\Runner::run() - CORE\src\Http\Runner.php, line 51
Cake\Routing\Middleware\RoutingMiddleware::__invoke() - CORE\src\Routing\Middleware\RoutingMiddleware.php, line 170
Cake\Http\Runner::__invoke() - CORE\src\Http\Runner.php, line 65
Cake\Routing\Middleware\AssetMiddleware::__invoke() - CORE\src\Routing\Middleware\AssetMiddleware.php, line 88
Cake\Http\Runner::__invoke() - CORE\src\Http\Runner.php, line 65
Cake\Error\Middleware\ErrorHandlerMiddleware::__invoke() - CORE\src\Error\Middleware\ErrorHandlerMiddleware.php, line 96
Cake\Http\Runner::__invoke() - CORE\src\Http\Runner.php, line 65
DebugKit\Middleware\DebugKitMiddleware::__invoke() - ROOT\vendor\cakephp\debug_kit\src\Middleware\DebugKitMiddleware.php, line 53
Cake\Http\Runner::__invoke() - CORE\src\Http\Runner.php, line 65
Cake\Http\Runner::run() - CORE\src\Http\Runner.php, line 51
Cake\Http\Server::run() - CORE\src\Http\Server.php, line 97
[main] - ROOT\webroot\index.php, line 40



2020-10-20 03:48:18 Notice: Notice (8): Undefined variable: companies in [C:\Program Files\Ampps\www\CompagnieInfo\src\Template\Files\add.ctp, line 23]
Request URL: /files/add
Referer URL: http://localhost/CompagnieInfo/users/login?redirect=%2Ffiles%2Fadd
Trace:
Cake\Error\BaseErrorHandler::handleError() - CORE\src\Error\BaseErrorHandler.php, line 168
Cake\Core\BasePlugin::{closure}() - ROOT\vendor\cakephp\debug_kit\config\bootstrap.php, line 43
include - APP/Template\Files\add.ctp, line 23
Cake\View\View::_evaluate() - CORE\src\View\View.php, line 1435
Cake\View\View::_render() - CORE\src\View\View.php, line 1393
Cake\View\View::render() - CORE\src\View\View.php, line 892
Cake\Controller\Controller::render() - CORE\src\Controller\Controller.php, line 791
Cake\Http\ActionDispatcher::_invoke() - CORE\src\Http\ActionDispatcher.php, line 126
Cake\Http\ActionDispatcher::dispatch() - CORE\src\Http\ActionDispatcher.php, line 94
Cake\Http\BaseApplication::__invoke() - CORE\src\Http\BaseApplication.php, line 256
Cake\Http\Runner::__invoke() - CORE\src\Http\Runner.php, line 65
Cake\Http\Runner::__invoke() - CORE\src\Http\Runner.php, line 65
Cake\Http\Middleware\CsrfProtectionMiddleware::__invoke() - CORE\src\Http\Middleware\CsrfProtectionMiddleware.php, line 126
Cake\Http\Runner::__invoke() - CORE\src\Http\Runner.php, line 65
Cake\Http\Runner::run() - CORE\src\Http\Runner.php, line 51
Cake\Routing\Middleware\RoutingMiddleware::__invoke() - CORE\src\Routing\Middleware\RoutingMiddleware.php, line 170
Cake\Http\Runner::__invoke() - CORE\src\Http\Runner.php, line 65
Cake\Routing\Middleware\AssetMiddleware::__invoke() - CORE\src\Routing\Middleware\AssetMiddleware.php, line 88
Cake\Http\Runner::__invoke() - CORE\src\Http\Runner.php, line 65
Cake\Error\Middleware\ErrorHandlerMiddleware::__invoke() - CORE\src\Error\Middleware\ErrorHandlerMiddleware.php, line 96
Cake\Http\Runner::__invoke() - CORE\src\Http\Runner.php, line 65
DebugKit\Middleware\DebugKitMiddleware::__invoke() - ROOT\vendor\cakephp\debug_kit\src\Middleware\DebugKitMiddleware.php, line 53
Cake\Http\Runner::__invoke() - CORE\src\Http\Runner.php, line 65
Cake\Http\Runner::run() - CORE\src\Http\Runner.php, line 51
Cake\Http\Server::run() - CORE\src\Http\Server.php, line 97
[main] - ROOT\webroot\index.php, line 40



2020-10-20 03:49:30 Notice: Notice (8): Undefined variable: companies in [C:\Program Files\Ampps\www\CompagnieInfo\src\Template\Files\add.ctp, line 23]
Request URL: /files/add
Referer URL: http://localhost/CompagnieInfo/users/login?redirect=%2Ffiles%2Fadd
Trace:
Cake\Error\BaseErrorHandler::handleError() - CORE\src\Error\BaseErrorHandler.php, line 168
Cake\Core\BasePlugin::{closure}() - ROOT\vendor\cakephp\debug_kit\config\bootstrap.php, line 43
include - APP/Template\Files\add.ctp, line 23
Cake\View\View::_evaluate() - CORE\src\View\View.php, line 1435
Cake\View\View::_render() - CORE\src\View\View.php, line 1393
Cake\View\View::render() - CORE\src\View\View.php, line 892
Cake\Controller\Controller::render() - CORE\src\Controller\Controller.php, line 791
Cake\Http\ActionDispatcher::_invoke() - CORE\src\Http\ActionDispatcher.php, line 126
Cake\Http\ActionDispatcher::dispatch() - CORE\src\Http\ActionDispatcher.php, line 94
Cake\Http\BaseApplication::__invoke() - CORE\src\Http\BaseApplication.php, line 256
Cake\Http\Runner::__invoke() - CORE\src\Http\Runner.php, line 65
Cake\Http\Runner::__invoke() - CORE\src\Http\Runner.php, line 65
Cake\Http\Middleware\CsrfProtectionMiddleware::__invoke() - CORE\src\Http\Middleware\CsrfProtectionMiddleware.php, line 126
Cake\Http\Runner::__invoke() - CORE\src\Http\Runner.php, line 65
Cake\Http\Runner::run() - CORE\src\Http\Runner.php, line 51
Cake\Routing\Middleware\RoutingMiddleware::__invoke() - CORE\src\Routing\Middleware\RoutingMiddleware.php, line 170
Cake\Http\Runner::__invoke() - CORE\src\Http\Runner.php, line 65
Cake\Routing\Middleware\AssetMiddleware::__invoke() - CORE\src\Routing\Middleware\AssetMiddleware.php, line 88
Cake\Http\Runner::__invoke() - CORE\src\Http\Runner.php, line 65
Cake\Error\Middleware\ErrorHandlerMiddleware::__invoke() - CORE\src\Error\Middleware\ErrorHandlerMiddleware.php, line 96
Cake\Http\Runner::__invoke() - CORE\src\Http\Runner.php, line 65
DebugKit\Middleware\DebugKitMiddleware::__invoke() - ROOT\vendor\cakephp\debug_kit\src\Middleware\DebugKitMiddleware.php, line 53
Cake\Http\Runner::__invoke() - CORE\src\Http\Runner.php, line 65
Cake\Http\Runner::run() - CORE\src\Http\Runner.php, line 51
Cake\Http\Server::run() - CORE\src\Http\Server.php, line 97
[main] - ROOT\webroot\index.php, line 40



2020-10-20 03:49:44 Notice: Notice (8): Undefined variable: companies in [C:\Program Files\Ampps\www\CompagnieInfo\src\Template\Files\add.ctp, line 23]
Request URL: /files/add
Referer URL: http://localhost/CompagnieInfo/users/login?redirect=%2Ffiles%2Fadd
Trace:
Cake\Error\BaseErrorHandler::handleError() - CORE\src\Error\BaseErrorHandler.php, line 168
Cake\Core\BasePlugin::{closure}() - ROOT\vendor\cakephp\debug_kit\config\bootstrap.php, line 43
include - APP/Template\Files\add.ctp, line 23
Cake\View\View::_evaluate() - CORE\src\View\View.php, line 1435
Cake\View\View::_render() - CORE\src\View\View.php, line 1393
Cake\View\View::render() - CORE\src\View\View.php, line 892
Cake\Controller\Controller::render() - CORE\src\Controller\Controller.php, line 791
Cake\Http\ActionDispatcher::_invoke() - CORE\src\Http\ActionDispatcher.php, line 126
Cake\Http\ActionDispatcher::dispatch() - CORE\src\Http\ActionDispatcher.php, line 94
Cake\Http\BaseApplication::__invoke() - CORE\src\Http\BaseApplication.php, line 256
Cake\Http\Runner::__invoke() - CORE\src\Http\Runner.php, line 65
Cake\Http\Runner::__invoke() - CORE\src\Http\Runner.php, line 65
Cake\Http\Middleware\CsrfProtectionMiddleware::__invoke() - CORE\src\Http\Middleware\CsrfProtectionMiddleware.php, line 126
Cake\Http\Runner::__invoke() - CORE\src\Http\Runner.php, line 65
Cake\Http\Runner::run() - CORE\src\Http\Runner.php, line 51
Cake\Routing\Middleware\RoutingMiddleware::__invoke() - CORE\src\Routing\Middleware\RoutingMiddleware.php, line 170
Cake\Http\Runner::__invoke() - CORE\src\Http\Runner.php, line 65
Cake\Routing\Middleware\AssetMiddleware::__invoke() - CORE\src\Routing\Middleware\AssetMiddleware.php, line 88
Cake\Http\Runner::__invoke() - CORE\src\Http\Runner.php, line 65
Cake\Error\Middleware\ErrorHandlerMiddleware::__invoke() - CORE\src\Error\Middleware\ErrorHandlerMiddleware.php, line 96
Cake\Http\Runner::__invoke() - CORE\src\Http\Runner.php, line 65
DebugKit\Middleware\DebugKitMiddleware::__invoke() - ROOT\vendor\cakephp\debug_kit\src\Middleware\DebugKitMiddleware.php, line 53
Cake\Http\Runner::__invoke() - CORE\src\Http\Runner.php, line 65
Cake\Http\Runner::run() - CORE\src\Http\Runner.php, line 51
Cake\Http\Server::run() - CORE\src\Http\Server.php, line 97
[main] - ROOT\webroot\index.php, line 40



2020-10-20 03:50:04 Notice: Notice (8): Undefined variable: companies in [C:\Program Files\Ampps\www\CompagnieInfo\src\Template\Files\add.ctp, line 23]
Request URL: /files/add
Referer URL: http://localhost/CompagnieInfo/users/login?redirect=%2Ffiles%2Fadd
Trace:
Cake\Error\BaseErrorHandler::handleError() - CORE\src\Error\BaseErrorHandler.php, line 168
Cake\Core\BasePlugin::{closure}() - ROOT\vendor\cakephp\debug_kit\config\bootstrap.php, line 43
include - APP/Template\Files\add.ctp, line 23
Cake\View\View::_evaluate() - CORE\src\View\View.php, line 1435
Cake\View\View::_render() - CORE\src\View\View.php, line 1393
Cake\View\View::render() - CORE\src\View\View.php, line 892
Cake\Controller\Controller::render() - CORE\src\Controller\Controller.php, line 791
Cake\Http\ActionDispatcher::_invoke() - CORE\src\Http\ActionDispatcher.php, line 126
Cake\Http\ActionDispatcher::dispatch() - CORE\src\Http\ActionDispatcher.php, line 94
Cake\Http\BaseApplication::__invoke() - CORE\src\Http\BaseApplication.php, line 256
Cake\Http\Runner::__invoke() - CORE\src\Http\Runner.php, line 65
Cake\Http\Runner::__invoke() - CORE\src\Http\Runner.php, line 65
Cake\Http\Middleware\CsrfProtectionMiddleware::__invoke() - CORE\src\Http\Middleware\CsrfProtectionMiddleware.php, line 126
Cake\Http\Runner::__invoke() - CORE\src\Http\Runner.php, line 65
Cake\Http\Runner::run() - CORE\src\Http\Runner.php, line 51
Cake\Routing\Middleware\RoutingMiddleware::__invoke() - CORE\src\Routing\Middleware\RoutingMiddleware.php, line 170
Cake\Http\Runner::__invoke() - CORE\src\Http\Runner.php, line 65
Cake\Routing\Middleware\AssetMiddleware::__invoke() - CORE\src\Routing\Middleware\AssetMiddleware.php, line 88
Cake\Http\Runner::__invoke() - CORE\src\Http\Runner.php, line 65
Cake\Error\Middleware\ErrorHandlerMiddleware::__invoke() - CORE\src\Error\Middleware\ErrorHandlerMiddleware.php, line 96
Cake\Http\Runner::__invoke() - CORE\src\Http\Runner.php, line 65
DebugKit\Middleware\DebugKitMiddleware::__invoke() - ROOT\vendor\cakephp\debug_kit\src\Middleware\DebugKitMiddleware.php, line 53
Cake\Http\Runner::__invoke() - CORE\src\Http\Runner.php, line 65
Cake\Http\Runner::run() - CORE\src\Http\Runner.php, line 51
Cake\Http\Server::run() - CORE\src\Http\Server.php, line 97
[main] - ROOT\webroot\index.php, line 40



2020-10-20 04:00:34 Notice: Notice (8): Undefined variable: companies in [C:\Program Files\Ampps\www\CompagnieInfo\src\Template\Files\add.ctp, line 23]
Request URL: /files/add
Referer URL: http://localhost/CompagnieInfo/files
Trace:
Cake\Error\BaseErrorHandler::handleError() - CORE\src\Error\BaseErrorHandler.php, line 168
Cake\Core\BasePlugin::{closure}() - ROOT\vendor\cakephp\debug_kit\config\bootstrap.php, line 43
include - APP/Template\Files\add.ctp, line 23
Cake\View\View::_evaluate() - CORE\src\View\View.php, line 1435
Cake\View\View::_render() - CORE\src\View\View.php, line 1393
Cake\View\View::render() - CORE\src\View\View.php, line 892
Cake\Controller\Controller::render() - CORE\src\Controller\Controller.php, line 791
Cake\Http\ActionDispatcher::_invoke() - CORE\src\Http\ActionDispatcher.php, line 126
Cake\Http\ActionDispatcher::dispatch() - CORE\src\Http\ActionDispatcher.php, line 94
Cake\Http\BaseApplication::__invoke() - CORE\src\Http\BaseApplication.php, line 256
Cake\Http\Runner::__invoke() - CORE\src\Http\Runner.php, line 65
Cake\Http\Runner::__invoke() - CORE\src\Http\Runner.php, line 65
Cake\Http\Middleware\CsrfProtectionMiddleware::__invoke() - CORE\src\Http\Middleware\CsrfProtectionMiddleware.php, line 126
Cake\Http\Runner::__invoke() - CORE\src\Http\Runner.php, line 65
Cake\Http\Runner::run() - CORE\src\Http\Runner.php, line 51
Cake\Routing\Middleware\RoutingMiddleware::__invoke() - CORE\src\Routing\Middleware\RoutingMiddleware.php, line 170
Cake\Http\Runner::__invoke() - CORE\src\Http\Runner.php, line 65
Cake\Routing\Middleware\AssetMiddleware::__invoke() - CORE\src\Routing\Middleware\AssetMiddleware.php, line 88
Cake\Http\Runner::__invoke() - CORE\src\Http\Runner.php, line 65
Cake\Error\Middleware\ErrorHandlerMiddleware::__invoke() - CORE\src\Error\Middleware\ErrorHandlerMiddleware.php, line 96
Cake\Http\Runner::__invoke() - CORE\src\Http\Runner.php, line 65
DebugKit\Middleware\DebugKitMiddleware::__invoke() - ROOT\vendor\cakephp\debug_kit\src\Middleware\DebugKitMiddleware.php, line 53
Cake\Http\Runner::__invoke() - CORE\src\Http\Runner.php, line 65
Cake\Http\Runner::run() - CORE\src\Http\Runner.php, line 51
Cake\Http\Server::run() - CORE\src\Http\Server.php, line 97
[main] - ROOT\webroot\index.php, line 40



2020-10-20 04:00:47 Notice: Notice (8): Undefined variable: companies in [C:\Program Files\Ampps\www\CompagnieInfo\src\Template\Files\add.ctp, line 23]
Request URL: /files/add
Referer URL: http://localhost/CompagnieInfo/files/add
Trace:
Cake\Error\BaseErrorHandler::handleError() - CORE\src\Error\BaseErrorHandler.php, line 168
Cake\Core\BasePlugin::{closure}() - ROOT\vendor\cakephp\debug_kit\config\bootstrap.php, line 43
include - APP/Template\Files\add.ctp, line 23
Cake\View\View::_evaluate() - CORE\src\View\View.php, line 1435
Cake\View\View::_render() - CORE\src\View\View.php, line 1393
Cake\View\View::render() - CORE\src\View\View.php, line 892
Cake\Controller\Controller::render() - CORE\src\Controller\Controller.php, line 791
Cake\Http\ActionDispatcher::_invoke() - CORE\src\Http\ActionDispatcher.php, line 126
Cake\Http\ActionDispatcher::dispatch() - CORE\src\Http\ActionDispatcher.php, line 94
Cake\Http\BaseApplication::__invoke() - CORE\src\Http\BaseApplication.php, line 256
Cake\Http\Runner::__invoke() - CORE\src\Http\Runner.php, line 65
Cake\Http\Runner::__invoke() - CORE\src\Http\Runner.php, line 65
Cake\Http\Middleware\CsrfProtectionMiddleware::__invoke() - CORE\src\Http\Middleware\CsrfProtectionMiddleware.php, line 126
Cake\Http\Runner::__invoke() - CORE\src\Http\Runner.php, line 65
Cake\Http\Runner::run() - CORE\src\Http\Runner.php, line 51
Cake\Routing\Middleware\RoutingMiddleware::__invoke() - CORE\src\Routing\Middleware\RoutingMiddleware.php, line 170
Cake\Http\Runner::__invoke() - CORE\src\Http\Runner.php, line 65
Cake\Routing\Middleware\AssetMiddleware::__invoke() - CORE\src\Routing\Middleware\AssetMiddleware.php, line 88
Cake\Http\Runner::__invoke() - CORE\src\Http\Runner.php, line 65
Cake\Error\Middleware\ErrorHandlerMiddleware::__invoke() - CORE\src\Error\Middleware\ErrorHandlerMiddleware.php, line 96
Cake\Http\Runner::__invoke() - CORE\src\Http\Runner.php, line 65
DebugKit\Middleware\DebugKitMiddleware::__invoke() - ROOT\vendor\cakephp\debug_kit\src\Middleware\DebugKitMiddleware.php, line 53
Cake\Http\Runner::__invoke() - CORE\src\Http\Runner.php, line 65
Cake\Http\Runner::run() - CORE\src\Http\Runner.php, line 51
Cake\Http\Server::run() - CORE\src\Http\Server.php, line 97
[main] - ROOT\webroot\index.php, line 40



2020-10-20 04:12:38 Notice: Notice (8): Undefined variable: companies in [C:\Program Files\Ampps\www\CompagnieInfo\src\Template\Files\add.ctp, line 23]
Request URL: /files/add
Referer URL: http://localhost/CompagnieInfo/files
Trace:
Cake\Error\BaseErrorHandler::handleError() - CORE\src\Error\BaseErrorHandler.php, line 168
Cake\Core\BasePlugin::{closure}() - ROOT\vendor\cakephp\debug_kit\config\bootstrap.php, line 43
include - APP/Template\Files\add.ctp, line 23
Cake\View\View::_evaluate() - CORE\src\View\View.php, line 1435
Cake\View\View::_render() - CORE\src\View\View.php, line 1393
Cake\View\View::render() - CORE\src\View\View.php, line 892
Cake\Controller\Controller::render() - CORE\src\Controller\Controller.php, line 791
Cake\Http\ActionDispatcher::_invoke() - CORE\src\Http\ActionDispatcher.php, line 126
Cake\Http\ActionDispatcher::dispatch() - CORE\src\Http\ActionDispatcher.php, line 94
Cake\Http\BaseApplication::__invoke() - CORE\src\Http\BaseApplication.php, line 256
Cake\Http\Runner::__invoke() - CORE\src\Http\Runner.php, line 65
Cake\Http\Runner::__invoke() - CORE\src\Http\Runner.php, line 65
Cake\Http\Middleware\CsrfProtectionMiddleware::__invoke() - CORE\src\Http\Middleware\CsrfProtectionMiddleware.php, line 126
Cake\Http\Runner::__invoke() - CORE\src\Http\Runner.php, line 65
Cake\Http\Runner::run() - CORE\src\Http\Runner.php, line 51
Cake\Routing\Middleware\RoutingMiddleware::__invoke() - CORE\src\Routing\Middleware\RoutingMiddleware.php, line 170
Cake\Http\Runner::__invoke() - CORE\src\Http\Runner.php, line 65
Cake\Routing\Middleware\AssetMiddleware::__invoke() - CORE\src\Routing\Middleware\AssetMiddleware.php, line 88
Cake\Http\Runner::__invoke() - CORE\src\Http\Runner.php, line 65
Cake\Error\Middleware\ErrorHandlerMiddleware::__invoke() - CORE\src\Error\Middleware\ErrorHandlerMiddleware.php, line 96
Cake\Http\Runner::__invoke() - CORE\src\Http\Runner.php, line 65
DebugKit\Middleware\DebugKitMiddleware::__invoke() - ROOT\vendor\cakephp\debug_kit\src\Middleware\DebugKitMiddleware.php, line 53
Cake\Http\Runner::__invoke() - CORE\src\Http\Runner.php, line 65
Cake\Http\Runner::run() - CORE\src\Http\Runner.php, line 51
Cake\Http\Server::run() - CORE\src\Http\Server.php, line 97
[main] - ROOT\webroot\index.php, line 40



2020-10-20 04:21:21 Notice: Notice (8): Undefined variable: companies in [C:\Program Files\Ampps\www\CompagnieInfo\src\Template\Files\add.ctp, line 23]
Request URL: /files/add
Referer URL: http://localhost/CompagnieInfo/files
Trace:
Cake\Error\BaseErrorHandler::handleError() - CORE\src\Error\BaseErrorHandler.php, line 168
Cake\Core\BasePlugin::{closure}() - ROOT\vendor\cakephp\debug_kit\config\bootstrap.php, line 43
include - APP/Template\Files\add.ctp, line 23
Cake\View\View::_evaluate() - CORE\src\View\View.php, line 1435
Cake\View\View::_render() - CORE\src\View\View.php, line 1393
Cake\View\View::render() - CORE\src\View\View.php, line 892
Cake\Controller\Controller::render() - CORE\src\Controller\Controller.php, line 791
Cake\Http\ActionDispatcher::_invoke() - CORE\src\Http\ActionDispatcher.php, line 126
Cake\Http\ActionDispatcher::dispatch() - CORE\src\Http\ActionDispatcher.php, line 94
Cake\Http\BaseApplication::__invoke() - CORE\src\Http\BaseApplication.php, line 256
Cake\Http\Runner::__invoke() - CORE\src\Http\Runner.php, line 65
Cake\Http\Runner::__invoke() - CORE\src\Http\Runner.php, line 65
Cake\Http\Middleware\CsrfProtectionMiddleware::__invoke() - CORE\src\Http\Middleware\CsrfProtectionMiddleware.php, line 126
Cake\Http\Runner::__invoke() - CORE\src\Http\Runner.php, line 65
Cake\Http\Runner::run() - CORE\src\Http\Runner.php, line 51
Cake\Routing\Middleware\RoutingMiddleware::__invoke() - CORE\src\Routing\Middleware\RoutingMiddleware.php, line 170
Cake\Http\Runner::__invoke() - CORE\src\Http\Runner.php, line 65
Cake\Routing\Middleware\AssetMiddleware::__invoke() - CORE\src\Routing\Middleware\AssetMiddleware.php, line 88
Cake\Http\Runner::__invoke() - CORE\src\Http\Runner.php, line 65
Cake\Error\Middleware\ErrorHandlerMiddleware::__invoke() - CORE\src\Error\Middleware\ErrorHandlerMiddleware.php, line 96
Cake\Http\Runner::__invoke() - CORE\src\Http\Runner.php, line 65
DebugKit\Middleware\DebugKitMiddleware::__invoke() - ROOT\vendor\cakephp\debug_kit\src\Middleware\DebugKitMiddleware.php, line 53
Cake\Http\Runner::__invoke() - CORE\src\Http\Runner.php, line 65
Cake\Http\Runner::run() - CORE\src\Http\Runner.php, line 51
Cake\Http\Server::run() - CORE\src\Http\Server.php, line 97
[main] - ROOT\webroot\index.php, line 40



2020-10-20 04:23:34 Notice: Notice (8): Undefined variable: companies in [C:\Program Files\Ampps\www\CompagnieInfo\src\Template\Files\add.ctp, line 23]
Request URL: /files/add
Referer URL: http://localhost/CompagnieInfo/files
Trace:
Cake\Error\BaseErrorHandler::handleError() - CORE\src\Error\BaseErrorHandler.php, line 168
Cake\Core\BasePlugin::{closure}() - ROOT\vendor\cakephp\debug_kit\config\bootstrap.php, line 43
include - APP/Template\Files\add.ctp, line 23
Cake\View\View::_evaluate() - CORE\src\View\View.php, line 1435
Cake\View\View::_render() - CORE\src\View\View.php, line 1393
Cake\View\View::render() - CORE\src\View\View.php, line 892
Cake\Controller\Controller::render() - CORE\src\Controller\Controller.php, line 791
Cake\Http\ActionDispatcher::_invoke() - CORE\src\Http\ActionDispatcher.php, line 126
Cake\Http\ActionDispatcher::dispatch() - CORE\src\Http\ActionDispatcher.php, line 94
Cake\Http\BaseApplication::__invoke() - CORE\src\Http\BaseApplication.php, line 256
Cake\Http\Runner::__invoke() - CORE\src\Http\Runner.php, line 65
Cake\Http\Runner::__invoke() - CORE\src\Http\Runner.php, line 65
Cake\Http\Middleware\CsrfProtectionMiddleware::__invoke() - CORE\src\Http\Middleware\CsrfProtectionMiddleware.php, line 126
Cake\Http\Runner::__invoke() - CORE\src\Http\Runner.php, line 65
Cake\Http\Runner::run() - CORE\src\Http\Runner.php, line 51
Cake\Routing\Middleware\RoutingMiddleware::__invoke() - CORE\src\Routing\Middleware\RoutingMiddleware.php, line 170
Cake\Http\Runner::__invoke() - CORE\src\Http\Runner.php, line 65
Cake\Routing\Middleware\AssetMiddleware::__invoke() - CORE\src\Routing\Middleware\AssetMiddleware.php, line 88
Cake\Http\Runner::__invoke() - CORE\src\Http\Runner.php, line 65
Cake\Error\Middleware\ErrorHandlerMiddleware::__invoke() - CORE\src\Error\Middleware\ErrorHandlerMiddleware.php, line 96
Cake\Http\Runner::__invoke() - CORE\src\Http\Runner.php, line 65
DebugKit\Middleware\DebugKitMiddleware::__invoke() - ROOT\vendor\cakephp\debug_kit\src\Middleware\DebugKitMiddleware.php, line 53
Cake\Http\Runner::__invoke() - CORE\src\Http\Runner.php, line 65
Cake\Http\Runner::run() - CORE\src\Http\Runner.php, line 51
Cake\Http\Server::run() - CORE\src\Http\Server.php, line 97
[main] - ROOT\webroot\index.php, line 40



2020-10-20 04:35:21 Notice: Notice (8): Undefined variable: companies in [C:\Program Files\Ampps\www\CompagnieInfo\src\Template\Files\add.ctp, line 23]
Request URL: /files/add
Referer URL: http://localhost/CompagnieInfo/files
Trace:
Cake\Error\BaseErrorHandler::handleError() - CORE\src\Error\BaseErrorHandler.php, line 168
Cake\Core\BasePlugin::{closure}() - ROOT\vendor\cakephp\debug_kit\config\bootstrap.php, line 43
include - APP/Template\Files\add.ctp, line 23
Cake\View\View::_evaluate() - CORE\src\View\View.php, line 1435
Cake\View\View::_render() - CORE\src\View\View.php, line 1393
Cake\View\View::render() - CORE\src\View\View.php, line 892
Cake\Controller\Controller::render() - CORE\src\Controller\Controller.php, line 791
Cake\Http\ActionDispatcher::_invoke() - CORE\src\Http\ActionDispatcher.php, line 126
Cake\Http\ActionDispatcher::dispatch() - CORE\src\Http\ActionDispatcher.php, line 94
Cake\Http\BaseApplication::__invoke() - CORE\src\Http\BaseApplication.php, line 256
Cake\Http\Runner::__invoke() - CORE\src\Http\Runner.php, line 65
Cake\Http\Runner::__invoke() - CORE\src\Http\Runner.php, line 65
Cake\Http\Middleware\CsrfProtectionMiddleware::__invoke() - CORE\src\Http\Middleware\CsrfProtectionMiddleware.php, line 126
Cake\Http\Runner::__invoke() - CORE\src\Http\Runner.php, line 65
Cake\Http\Runner::run() - CORE\src\Http\Runner.php, line 51
Cake\Routing\Middleware\RoutingMiddleware::__invoke() - CORE\src\Routing\Middleware\RoutingMiddleware.php, line 170
Cake\Http\Runner::__invoke() - CORE\src\Http\Runner.php, line 65
Cake\Routing\Middleware\AssetMiddleware::__invoke() - CORE\src\Routing\Middleware\AssetMiddleware.php, line 88
Cake\Http\Runner::__invoke() - CORE\src\Http\Runner.php, line 65
Cake\Error\Middleware\ErrorHandlerMiddleware::__invoke() - CORE\src\Error\Middleware\ErrorHandlerMiddleware.php, line 96
Cake\Http\Runner::__invoke() - CORE\src\Http\Runner.php, line 65
DebugKit\Middleware\DebugKitMiddleware::__invoke() - ROOT\vendor\cakephp\debug_kit\src\Middleware\DebugKitMiddleware.php, line 53
Cake\Http\Runner::__invoke() - CORE\src\Http\Runner.php, line 65
Cake\Http\Runner::run() - CORE\src\Http\Runner.php, line 51
Cake\Http\Server::run() - CORE\src\Http\Server.php, line 97
[main] - ROOT\webroot\index.php, line 40



2020-10-20 04:35:32 Notice: Notice (8): Undefined variable: companies in [C:\Program Files\Ampps\www\CompagnieInfo\src\Template\Files\add.ctp, line 23]
Request URL: /files/add
Referer URL: http://localhost/CompagnieInfo/files/add
Trace:
Cake\Error\BaseErrorHandler::handleError() - CORE\src\Error\BaseErrorHandler.php, line 168
Cake\Core\BasePlugin::{closure}() - ROOT\vendor\cakephp\debug_kit\config\bootstrap.php, line 43
include - APP/Template\Files\add.ctp, line 23
Cake\View\View::_evaluate() - CORE\src\View\View.php, line 1435
Cake\View\View::_render() - CORE\src\View\View.php, line 1393
Cake\View\View::render() - CORE\src\View\View.php, line 892
Cake\Controller\Controller::render() - CORE\src\Controller\Controller.php, line 791
Cake\Http\ActionDispatcher::_invoke() - CORE\src\Http\ActionDispatcher.php, line 126
Cake\Http\ActionDispatcher::dispatch() - CORE\src\Http\ActionDispatcher.php, line 94
Cake\Http\BaseApplication::__invoke() - CORE\src\Http\BaseApplication.php, line 256
Cake\Http\Runner::__invoke() - CORE\src\Http\Runner.php, line 65
Cake\Http\Runner::__invoke() - CORE\src\Http\Runner.php, line 65
Cake\Http\Middleware\CsrfProtectionMiddleware::__invoke() - CORE\src\Http\Middleware\CsrfProtectionMiddleware.php, line 126
Cake\Http\Runner::__invoke() - CORE\src\Http\Runner.php, line 65
Cake\Http\Runner::run() - CORE\src\Http\Runner.php, line 51
Cake\Routing\Middleware\RoutingMiddleware::__invoke() - CORE\src\Routing\Middleware\RoutingMiddleware.php, line 170
Cake\Http\Runner::__invoke() - CORE\src\Http\Runner.php, line 65
Cake\Routing\Middleware\AssetMiddleware::__invoke() - CORE\src\Routing\Middleware\AssetMiddleware.php, line 88
Cake\Http\Runner::__invoke() - CORE\src\Http\Runner.php, line 65
Cake\Error\Middleware\ErrorHandlerMiddleware::__invoke() - CORE\src\Error\Middleware\ErrorHandlerMiddleware.php, line 96
Cake\Http\Runner::__invoke() - CORE\src\Http\Runner.php, line 65
DebugKit\Middleware\DebugKitMiddleware::__invoke() - ROOT\vendor\cakephp\debug_kit\src\Middleware\DebugKitMiddleware.php, line 53
Cake\Http\Runner::__invoke() - CORE\src\Http\Runner.php, line 65
Cake\Http\Runner::run() - CORE\src\Http\Runner.php, line 51
Cake\Http\Server::run() - CORE\src\Http\Server.php, line 97
[main] - ROOT\webroot\index.php, line 40



2020-10-20 04:37:25 Notice: Notice (8): Array to string conversion in [C:\Program Files\Ampps\www\CompagnieInfo\src\Template\Files\add.ctp, line 17]
Request URL: /files/add
Referer URL: http://localhost/CompagnieInfo/files/add
Trace:
Cake\Error\BaseErrorHandler::handleError() - CORE\src\Error\BaseErrorHandler.php, line 168
Cake\Core\BasePlugin::{closure}() - ROOT\vendor\cakephp\debug_kit\config\bootstrap.php, line 43
include - APP/Template\Files\add.ctp, line 17
Cake\View\View::_evaluate() - CORE\src\View\View.php, line 1435
Cake\View\View::_render() - CORE\src\View\View.php, line 1393
Cake\View\View::render() - CORE\src\View\View.php, line 892
Cake\Controller\Controller::render() - CORE\src\Controller\Controller.php, line 791
Cake\Http\ActionDispatcher::_invoke() - CORE\src\Http\ActionDispatcher.php, line 126
Cake\Http\ActionDispatcher::dispatch() - CORE\src\Http\ActionDispatcher.php, line 94
Cake\Http\BaseApplication::__invoke() - CORE\src\Http\BaseApplication.php, line 256
Cake\Http\Runner::__invoke() - CORE\src\Http\Runner.php, line 65
Cake\Http\Runner::__invoke() - CORE\src\Http\Runner.php, line 65
Cake\Http\Middleware\CsrfProtectionMiddleware::__invoke() - CORE\src\Http\Middleware\CsrfProtectionMiddleware.php, line 126
Cake\Http\Runner::__invoke() - CORE\src\Http\Runner.php, line 65
Cake\Http\Runner::run() - CORE\src\Http\Runner.php, line 51
Cake\Routing\Middleware\RoutingMiddleware::__invoke() - CORE\src\Routing\Middleware\RoutingMiddleware.php, line 170
Cake\Http\Runner::__invoke() - CORE\src\Http\Runner.php, line 65
Cake\Routing\Middleware\AssetMiddleware::__invoke() - CORE\src\Routing\Middleware\AssetMiddleware.php, line 88
Cake\Http\Runner::__invoke() - CORE\src\Http\Runner.php, line 65
Cake\Error\Middleware\ErrorHandlerMiddleware::__invoke() - CORE\src\Error\Middleware\ErrorHandlerMiddleware.php, line 96
Cake\Http\Runner::__invoke() - CORE\src\Http\Runner.php, line 65
DebugKit\Middleware\DebugKitMiddleware::__invoke() - ROOT\vendor\cakephp\debug_kit\src\Middleware\DebugKitMiddleware.php, line 53
Cake\Http\Runner::__invoke() - CORE\src\Http\Runner.php, line 65
Cake\Http\Runner::run() - CORE\src\Http\Runner.php, line 51
Cake\Http\Server::run() - CORE\src\Http\Server.php, line 97
[main] - ROOT\webroot\index.php, line 40



2020-10-20 04:37:25 Notice: Notice (8): Undefined variable: companies in [C:\Program Files\Ampps\www\CompagnieInfo\src\Template\Files\add.ctp, line 23]
Request URL: /files/add
Referer URL: http://localhost/CompagnieInfo/files/add
Trace:
Cake\Error\BaseErrorHandler::handleError() - CORE\src\Error\BaseErrorHandler.php, line 168
Cake\Core\BasePlugin::{closure}() - ROOT\vendor\cakephp\debug_kit\config\bootstrap.php, line 43
include - APP/Template\Files\add.ctp, line 23
Cake\View\View::_evaluate() - CORE\src\View\View.php, line 1435
Cake\View\View::_render() - CORE\src\View\View.php, line 1393
Cake\View\View::render() - CORE\src\View\View.php, line 892
Cake\Controller\Controller::render() - CORE\src\Controller\Controller.php, line 791
Cake\Http\ActionDispatcher::_invoke() - CORE\src\Http\ActionDispatcher.php, line 126
Cake\Http\ActionDispatcher::dispatch() - CORE\src\Http\ActionDispatcher.php, line 94
Cake\Http\BaseApplication::__invoke() - CORE\src\Http\BaseApplication.php, line 256
Cake\Http\Runner::__invoke() - CORE\src\Http\Runner.php, line 65
Cake\Http\Runner::__invoke() - CORE\src\Http\Runner.php, line 65
Cake\Http\Middleware\CsrfProtectionMiddleware::__invoke() - CORE\src\Http\Middleware\CsrfProtectionMiddleware.php, line 126
Cake\Http\Runner::__invoke() - CORE\src\Http\Runner.php, line 65
Cake\Http\Runner::run() - CORE\src\Http\Runner.php, line 51
Cake\Routing\Middleware\RoutingMiddleware::__invoke() - CORE\src\Routing\Middleware\RoutingMiddleware.php, line 170
Cake\Http\Runner::__invoke() - CORE\src\Http\Runner.php, line 65
Cake\Routing\Middleware\AssetMiddleware::__invoke() - CORE\src\Routing\Middleware\AssetMiddleware.php, line 88
Cake\Http\Runner::__invoke() - CORE\src\Http\Runner.php, line 65
Cake\Error\Middleware\ErrorHandlerMiddleware::__invoke() - CORE\src\Error\Middleware\ErrorHandlerMiddleware.php, line 96
Cake\Http\Runner::__invoke() - CORE\src\Http\Runner.php, line 65
DebugKit\Middleware\DebugKitMiddleware::__invoke() - ROOT\vendor\cakephp\debug_kit\src\Middleware\DebugKitMiddleware.php, line 53
Cake\Http\Runner::__invoke() - CORE\src\Http\Runner.php, line 65
Cake\Http\Runner::run() - CORE\src\Http\Runner.php, line 51
Cake\Http\Server::run() - CORE\src\Http\Server.php, line 97
[main] - ROOT\webroot\index.php, line 40



2020-10-20 04:38:00 Notice: Notice (8): Undefined variable: companies in [C:\Program Files\Ampps\www\CompagnieInfo\src\Template\Files\add.ctp, line 23]
Request URL: /files/add
Referer URL: http://localhost/CompagnieInfo/files/add
Trace:
Cake\Error\BaseErrorHandler::handleError() - CORE\src\Error\BaseErrorHandler.php, line 168
Cake\Core\BasePlugin::{closure}() - ROOT\vendor\cakephp\debug_kit\config\bootstrap.php, line 43
include - APP/Template\Files\add.ctp, line 23
Cake\View\View::_evaluate() - CORE\src\View\View.php, line 1435
Cake\View\View::_render() - CORE\src\View\View.php, line 1393
Cake\View\View::render() - CORE\src\View\View.php, line 892
Cake\Controller\Controller::render() - CORE\src\Controller\Controller.php, line 791
Cake\Http\ActionDispatcher::_invoke() - CORE\src\Http\ActionDispatcher.php, line 126
Cake\Http\ActionDispatcher::dispatch() - CORE\src\Http\ActionDispatcher.php, line 94
Cake\Http\BaseApplication::__invoke() - CORE\src\Http\BaseApplication.php, line 256
Cake\Http\Runner::__invoke() - CORE\src\Http\Runner.php, line 65
Cake\Http\Runner::__invoke() - CORE\src\Http\Runner.php, line 65
Cake\Http\Middleware\CsrfProtectionMiddleware::__invoke() - CORE\src\Http\Middleware\CsrfProtectionMiddleware.php, line 126
Cake\Http\Runner::__invoke() - CORE\src\Http\Runner.php, line 65
Cake\Http\Runner::run() - CORE\src\Http\Runner.php, line 51
Cake\Routing\Middleware\RoutingMiddleware::__invoke() - CORE\src\Routing\Middleware\RoutingMiddleware.php, line 170
Cake\Http\Runner::__invoke() - CORE\src\Http\Runner.php, line 65
Cake\Routing\Middleware\AssetMiddleware::__invoke() - CORE\src\Routing\Middleware\AssetMiddleware.php, line 88
Cake\Http\Runner::__invoke() - CORE\src\Http\Runner.php, line 65
Cake\Error\Middleware\ErrorHandlerMiddleware::__invoke() - CORE\src\Error\Middleware\ErrorHandlerMiddleware.php, line 96
Cake\Http\Runner::__invoke() - CORE\src\Http\Runner.php, line 65
DebugKit\Middleware\DebugKitMiddleware::__invoke() - ROOT\vendor\cakephp\debug_kit\src\Middleware\DebugKitMiddleware.php, line 53
Cake\Http\Runner::__invoke() - CORE\src\Http\Runner.php, line 65
Cake\Http\Runner::run() - CORE\src\Http\Runner.php, line 51
Cake\Http\Server::run() - CORE\src\Http\Server.php, line 97
[main] - ROOT\webroot\index.php, line 40



2020-10-20 04:38:11 Notice: Notice (8): Undefined variable: companies in [C:\Program Files\Ampps\www\CompagnieInfo\src\Template\Files\add.ctp, line 23]
Request URL: /files/add
Referer URL: http://localhost/CompagnieInfo/files/add
Trace:
Cake\Error\BaseErrorHandler::handleError() - CORE\src\Error\BaseErrorHandler.php, line 168
Cake\Core\BasePlugin::{closure}() - ROOT\vendor\cakephp\debug_kit\config\bootstrap.php, line 43
include - APP/Template\Files\add.ctp, line 23
Cake\View\View::_evaluate() - CORE\src\View\View.php, line 1435
Cake\View\View::_render() - CORE\src\View\View.php, line 1393
Cake\View\View::render() - CORE\src\View\View.php, line 892
Cake\Controller\Controller::render() - CORE\src\Controller\Controller.php, line 791
Cake\Http\ActionDispatcher::_invoke() - CORE\src\Http\ActionDispatcher.php, line 126
Cake\Http\ActionDispatcher::dispatch() - CORE\src\Http\ActionDispatcher.php, line 94
Cake\Http\BaseApplication::__invoke() - CORE\src\Http\BaseApplication.php, line 256
Cake\Http\Runner::__invoke() - CORE\src\Http\Runner.php, line 65
Cake\Http\Runner::__invoke() - CORE\src\Http\Runner.php, line 65
Cake\Http\Middleware\CsrfProtectionMiddleware::__invoke() - CORE\src\Http\Middleware\CsrfProtectionMiddleware.php, line 126
Cake\Http\Runner::__invoke() - CORE\src\Http\Runner.php, line 65
Cake\Http\Runner::run() - CORE\src\Http\Runner.php, line 51
Cake\Routing\Middleware\RoutingMiddleware::__invoke() - CORE\src\Routing\Middleware\RoutingMiddleware.php, line 170
Cake\Http\Runner::__invoke() - CORE\src\Http\Runner.php, line 65
Cake\Routing\Middleware\AssetMiddleware::__invoke() - CORE\src\Routing\Middleware\AssetMiddleware.php, line 88
Cake\Http\Runner::__invoke() - CORE\src\Http\Runner.php, line 65
Cake\Error\Middleware\ErrorHandlerMiddleware::__invoke() - CORE\src\Error\Middleware\ErrorHandlerMiddleware.php, line 96
Cake\Http\Runner::__invoke() - CORE\src\Http\Runner.php, line 65
DebugKit\Middleware\DebugKitMiddleware::__invoke() - ROOT\vendor\cakephp\debug_kit\src\Middleware\DebugKitMiddleware.php, line 53
Cake\Http\Runner::__invoke() - CORE\src\Http\Runner.php, line 65
Cake\Http\Runner::run() - CORE\src\Http\Runner.php, line 51
Cake\Http\Server::run() - CORE\src\Http\Server.php, line 97
[main] - ROOT\webroot\index.php, line 40



2020-10-20 04:39:47 Notice: Notice (8): Undefined variable: companies in [C:\Program Files\Ampps\www\CompagnieInfo\src\Template\Files\add.ctp, line 23]
Request URL: /files/add
Referer URL: http://localhost/CompagnieInfo/files/add
Trace:
Cake\Error\BaseErrorHandler::handleError() - CORE\src\Error\BaseErrorHandler.php, line 168
Cake\Core\BasePlugin::{closure}() - ROOT\vendor\cakephp\debug_kit\config\bootstrap.php, line 43
include - APP/Template\Files\add.ctp, line 23
Cake\View\View::_evaluate() - CORE\src\View\View.php, line 1435
Cake\View\View::_render() - CORE\src\View\View.php, line 1393
Cake\View\View::render() - CORE\src\View\View.php, line 892
Cake\Controller\Controller::render() - CORE\src\Controller\Controller.php, line 791
Cake\Http\ActionDispatcher::_invoke() - CORE\src\Http\ActionDispatcher.php, line 126
Cake\Http\ActionDispatcher::dispatch() - CORE\src\Http\ActionDispatcher.php, line 94
Cake\Http\BaseApplication::__invoke() - CORE\src\Http\BaseApplication.php, line 256
Cake\Http\Runner::__invoke() - CORE\src\Http\Runner.php, line 65
Cake\Http\Runner::__invoke() - CORE\src\Http\Runner.php, line 65
Cake\Http\Middleware\CsrfProtectionMiddleware::__invoke() - CORE\src\Http\Middleware\CsrfProtectionMiddleware.php, line 126
Cake\Http\Runner::__invoke() - CORE\src\Http\Runner.php, line 65
Cake\Http\Runner::run() - CORE\src\Http\Runner.php, line 51
Cake\Routing\Middleware\RoutingMiddleware::__invoke() - CORE\src\Routing\Middleware\RoutingMiddleware.php, line 170
Cake\Http\Runner::__invoke() - CORE\src\Http\Runner.php, line 65
Cake\Routing\Middleware\AssetMiddleware::__invoke() - CORE\src\Routing\Middleware\AssetMiddleware.php, line 88
Cake\Http\Runner::__invoke() - CORE\src\Http\Runner.php, line 65
Cake\Error\Middleware\ErrorHandlerMiddleware::__invoke() - CORE\src\Error\Middleware\ErrorHandlerMiddleware.php, line 96
Cake\Http\Runner::__invoke() - CORE\src\Http\Runner.php, line 65
DebugKit\Middleware\DebugKitMiddleware::__invoke() - ROOT\vendor\cakephp\debug_kit\src\Middleware\DebugKitMiddleware.php, line 53
Cake\Http\Runner::__invoke() - CORE\src\Http\Runner.php, line 65
Cake\Http\Runner::run() - CORE\src\Http\Runner.php, line 51
Cake\Http\Server::run() - CORE\src\Http\Server.php, line 97
[main] - ROOT\webroot\index.php, line 40



2020-10-20 04:51:29 Notice: Notice (8): Undefined property: Cake\ORM\Query::$name in [C:\Program Files\Ampps\www\CompagnieInfo\src\Template\Home\index.ctp, line 28]
Request URL: /home
Trace:
Cake\Error\BaseErrorHandler::handleError() - CORE\src\Error\BaseErrorHandler.php, line 168
Cake\Core\BasePlugin::{closure}() - ROOT\vendor\cakephp\debug_kit\config\bootstrap.php, line 43
include - APP/Template\Home\index.ctp, line 28
Cake\View\View::_evaluate() - CORE\src\View\View.php, line 1435
Cake\View\View::_render() - CORE\src\View\View.php, line 1393
Cake\View\View::render() - CORE\src\View\View.php, line 892
Cake\Controller\Controller::render() - CORE\src\Controller\Controller.php, line 791
Cake\Http\ActionDispatcher::_invoke() - CORE\src\Http\ActionDispatcher.php, line 126
Cake\Http\ActionDispatcher::dispatch() - CORE\src\Http\ActionDispatcher.php, line 94
Cake\Http\BaseApplication::__invoke() - CORE\src\Http\BaseApplication.php, line 256
Cake\Http\Runner::__invoke() - CORE\src\Http\Runner.php, line 65
Cake\Http\Runner::__invoke() - CORE\src\Http\Runner.php, line 65
Cake\Http\Middleware\CsrfProtectionMiddleware::__invoke() - CORE\src\Http\Middleware\CsrfProtectionMiddleware.php, line 126
Cake\Http\Runner::__invoke() - CORE\src\Http\Runner.php, line 65
Cake\Http\Runner::run() - CORE\src\Http\Runner.php, line 51
Cake\Routing\Middleware\RoutingMiddleware::__invoke() - CORE\src\Routing\Middleware\RoutingMiddleware.php, line 170
Cake\Http\Runner::__invoke() - CORE\src\Http\Runner.php, line 65
Cake\Routing\Middleware\AssetMiddleware::__invoke() - CORE\src\Routing\Middleware\AssetMiddleware.php, line 88
Cake\Http\Runner::__invoke() - CORE\src\Http\Runner.php, line 65
Cake\Error\Middleware\ErrorHandlerMiddleware::__invoke() - CORE\src\Error\Middleware\ErrorHandlerMiddleware.php, line 96
Cake\Http\Runner::__invoke() - CORE\src\Http\Runner.php, line 65
DebugKit\Middleware\DebugKitMiddleware::__invoke() - ROOT\vendor\cakephp\debug_kit\src\Middleware\DebugKitMiddleware.php, line 53
Cake\Http\Runner::__invoke() - CORE\src\Http\Runner.php, line 65
Cake\Http\Runner::run() - CORE\src\Http\Runner.php, line 51
Cake\Http\Server::run() - CORE\src\Http\Server.php, line 97
[main] - ROOT\webroot\index.php, line 40



2020-10-20 04:51:29 Notice: Notice (8): Undefined property: Cake\ORM\Query::$name in [C:\Program Files\Ampps\www\CompagnieInfo\src\Template\Home\index.ctp, line 28]
Request URL: /home
Trace:
Cake\Error\BaseErrorHandler::handleError() - CORE\src\Error\BaseErrorHandler.php, line 168
include - APP/Template\Home\index.ctp, line 28
Cake\View\View::_evaluate() - CORE\src\View\View.php, line 1435
Cake\View\View::_render() - CORE\src\View\View.php, line 1393
Cake\View\View::render() - CORE\src\View\View.php, line 892
Cake\Controller\Controller::render() - CORE\src\Controller\Controller.php, line 791
Cake\Http\ActionDispatcher::_invoke() - CORE\src\Http\ActionDispatcher.php, line 126
Cake\Http\ActionDispatcher::dispatch() - CORE\src\Http\ActionDispatcher.php, line 94
Cake\Http\BaseApplication::__invoke() - CORE\src\Http\BaseApplication.php, line 256
Cake\Http\Runner::__invoke() - CORE\src\Http\Runner.php, line 65
Cake\Http\Runner::__invoke() - CORE\src\Http\Runner.php, line 65
Cake\Http\Middleware\CsrfProtectionMiddleware::__invoke() - CORE\src\Http\Middleware\CsrfProtectionMiddleware.php, line 126
Cake\Http\Runner::__invoke() - CORE\src\Http\Runner.php, line 65
Cake\Http\Runner::run() - CORE\src\Http\Runner.php, line 51
Cake\Routing\Middleware\RoutingMiddleware::__invoke() - CORE\src\Routing\Middleware\RoutingMiddleware.php, line 170
Cake\Http\Runner::__invoke() - CORE\src\Http\Runner.php, line 65
Cake\Routing\Middleware\AssetMiddleware::__invoke() - CORE\src\Routing\Middleware\AssetMiddleware.php, line 88
Cake\Http\Runner::__invoke() - CORE\src\Http\Runner.php, line 65
Cake\Error\Middleware\ErrorHandlerMiddleware::__invoke() - CORE\src\Error\Middleware\ErrorHandlerMiddleware.php, line 96
Cake\Http\Runner::__invoke() - CORE\src\Http\Runner.php, line 65
DebugKit\Middleware\DebugKitMiddleware::__invoke() - ROOT\vendor\cakephp\debug_kit\src\Middleware\DebugKitMiddleware.php, line 53
Cake\Http\Runner::__invoke() - CORE\src\Http\Runner.php, line 65
Cake\Http\Runner::run() - CORE\src\Http\Runner.php, line 51
Cake\Http\Server::run() - CORE\src\Http\Server.php, line 97
[main] - ROOT\webroot\index.php, line 40



2020-10-20 04:51:29 Notice: Deprecated (16384): ServerRequest::session() is deprecated. Use getSession() instead. The setter part will be removed. - C:\Program Files\Ampps\www\CompagnieInfo\src\Template\Layout\default.ctp, line: 47
 You can disable deprecation warnings by setting `Error.errorLevel` to `E_ALL & ~E_USER_DEPRECATED` in your config/app.php. in [C:\Program Files\Ampps\www\CompagnieInfo\vendor\cakephp\cakephp\src\Core\functions.php, line 311]
Request URL: /home
Trace:
Cake\Error\BaseErrorHandler::handleError() - CORE\src\Error\BaseErrorHandler.php, line 168
deprecationWarning - CORE\src\Core\functions.php, line 311
Cake\Http\ServerRequest::session() - CORE\src\Http\ServerRequest.php, line 588
include - APP/Template\Layout\default.ctp, line 47
Cake\View\View::_evaluate() - CORE\src\View\View.php, line 1435
Cake\View\View::_render() - CORE\src\View\View.php, line 1393
Cake\View\View::renderLayout() - CORE\src\View\View.php, line 939
Cake\View\View::render() - CORE\src\View\View.php, line 897
Cake\Controller\Controller::render() - CORE\src\Controller\Controller.php, line 791
Cake\Http\ActionDispatcher::_invoke() - CORE\src\Http\ActionDispatcher.php, line 126
Cake\Http\ActionDispatcher::dispatch() - CORE\src\Http\ActionDispatcher.php, line 94
Cake\Http\BaseApplication::__invoke() - CORE\src\Http\BaseApplication.php, line 256
Cake\Http\Runner::__invoke() - CORE\src\Http\Runner.php, line 65
Cake\Http\Runner::__invoke() - CORE\src\Http\Runner.php, line 65
Cake\Http\Middleware\CsrfProtectionMiddleware::__invoke() - CORE\src\Http\Middleware\CsrfProtectionMiddleware.php, line 126
Cake\Http\Runner::__invoke() - CORE\src\Http\Runner.php, line 65
Cake\Http\Runner::run() - CORE\src\Http\Runner.php, line 51
Cake\Routing\Middleware\RoutingMiddleware::__invoke() - CORE\src\Routing\Middleware\RoutingMiddleware.php, line 170
Cake\Http\Runner::__invoke() - CORE\src\Http\Runner.php, line 65
Cake\Routing\Middleware\AssetMiddleware::__invoke() - CORE\src\Routing\Middleware\AssetMiddleware.php, line 88
Cake\Http\Runner::__invoke() - CORE\src\Http\Runner.php, line 65
Cake\Error\Middleware\ErrorHandlerMiddleware::__invoke() - CORE\src\Error\Middleware\ErrorHandlerMiddleware.php, line 96
Cake\Http\Runner::__invoke() - CORE\src\Http\Runner.php, line 65
DebugKit\Middleware\DebugKitMiddleware::__invoke() - ROOT\vendor\cakephp\debug_kit\src\Middleware\DebugKitMiddleware.php, line 53
Cake\Http\Runner::__invoke() - CORE\src\Http\Runner.php, line 65
Cake\Http\Runner::run() - CORE\src\Http\Runner.php, line 51
Cake\Http\Server::run() - CORE\src\Http\Server.php, line 97
[main] - ROOT\webroot\index.php, line 40



2020-10-20 04:53:00 Notice: Notice (8): Undefined property: Cake\ORM\Query::$name in [C:\Program Files\Ampps\www\CompagnieInfo\src\Template\Home\index.ctp, line 28]
Request URL: /home
Referer URL: http://localhost/CompagnieInfo/home
Trace:
Cake\Error\BaseErrorHandler::handleError() - CORE\src\Error\BaseErrorHandler.php, line 168
Cake\Core\BasePlugin::{closure}() - ROOT\vendor\cakephp\debug_kit\config\bootstrap.php, line 43
include - APP/Template\Home\index.ctp, line 28
Cake\View\View::_evaluate() - CORE\src\View\View.php, line 1435
Cake\View\View::_render() - CORE\src\View\View.php, line 1393
Cake\View\View::render() - CORE\src\View\View.php, line 892
Cake\Controller\Controller::render() - CORE\src\Controller\Controller.php, line 791
Cake\Http\ActionDispatcher::_invoke() - CORE\src\Http\ActionDispatcher.php, line 126
Cake\Http\ActionDispatcher::dispatch() - CORE\src\Http\ActionDispatcher.php, line 94
Cake\Http\BaseApplication::__invoke() - CORE\src\Http\BaseApplication.php, line 256
Cake\Http\Runner::__invoke() - CORE\src\Http\Runner.php, line 65
Cake\Http\Runner::__invoke() - CORE\src\Http\Runner.php, line 65
Cake\Http\Middleware\CsrfProtectionMiddleware::__invoke() - CORE\src\Http\Middleware\CsrfProtectionMiddleware.php, line 126
Cake\Http\Runner::__invoke() - CORE\src\Http\Runner.php, line 65
Cake\Http\Runner::run() - CORE\src\Http\Runner.php, line 51
Cake\Routing\Middleware\RoutingMiddleware::__invoke() - CORE\src\Routing\Middleware\RoutingMiddleware.php, line 170
Cake\Http\Runner::__invoke() - CORE\src\Http\Runner.php, line 65
Cake\Routing\Middleware\AssetMiddleware::__invoke() - CORE\src\Routing\Middleware\AssetMiddleware.php, line 88
Cake\Http\Runner::__invoke() - CORE\src\Http\Runner.php, line 65
Cake\Error\Middleware\ErrorHandlerMiddleware::__invoke() - CORE\src\Error\Middleware\ErrorHandlerMiddleware.php, line 96
Cake\Http\Runner::__invoke() - CORE\src\Http\Runner.php, line 65
DebugKit\Middleware\DebugKitMiddleware::__invoke() - ROOT\vendor\cakephp\debug_kit\src\Middleware\DebugKitMiddleware.php, line 53
Cake\Http\Runner::__invoke() - CORE\src\Http\Runner.php, line 65
Cake\Http\Runner::run() - CORE\src\Http\Runner.php, line 51
Cake\Http\Server::run() - CORE\src\Http\Server.php, line 97
[main] - ROOT\webroot\index.php, line 40



2020-10-20 04:53:00 Notice: Notice (8): Undefined property: Cake\ORM\Query::$name in [C:\Program Files\Ampps\www\CompagnieInfo\src\Template\Home\index.ctp, line 28]
Request URL: /home
Referer URL: http://localhost/CompagnieInfo/home
Trace:
Cake\Error\BaseErrorHandler::handleError() - CORE\src\Error\BaseErrorHandler.php, line 168
include - APP/Template\Home\index.ctp, line 28
Cake\View\View::_evaluate() - CORE\src\View\View.php, line 1435
Cake\View\View::_render() - CORE\src\View\View.php, line 1393
Cake\View\View::render() - CORE\src\View\View.php, line 892
Cake\Controller\Controller::render() - CORE\src\Controller\Controller.php, line 791
Cake\Http\ActionDispatcher::_invoke() - CORE\src\Http\ActionDispatcher.php, line 126
Cake\Http\ActionDispatcher::dispatch() - CORE\src\Http\ActionDispatcher.php, line 94
Cake\Http\BaseApplication::__invoke() - CORE\src\Http\BaseApplication.php, line 256
Cake\Http\Runner::__invoke() - CORE\src\Http\Runner.php, line 65
Cake\Http\Runner::__invoke() - CORE\src\Http\Runner.php, line 65
Cake\Http\Middleware\CsrfProtectionMiddleware::__invoke() - CORE\src\Http\Middleware\CsrfProtectionMiddleware.php, line 126
Cake\Http\Runner::__invoke() - CORE\src\Http\Runner.php, line 65
Cake\Http\Runner::run() - CORE\src\Http\Runner.php, line 51
Cake\Routing\Middleware\RoutingMiddleware::__invoke() - CORE\src\Routing\Middleware\RoutingMiddleware.php, line 170
Cake\Http\Runner::__invoke() - CORE\src\Http\Runner.php, line 65
Cake\Routing\Middleware\AssetMiddleware::__invoke() - CORE\src\Routing\Middleware\AssetMiddleware.php, line 88
Cake\Http\Runner::__invoke() - CORE\src\Http\Runner.php, line 65
Cake\Error\Middleware\ErrorHandlerMiddleware::__invoke() - CORE\src\Error\Middleware\ErrorHandlerMiddleware.php, line 96
Cake\Http\Runner::__invoke() - CORE\src\Http\Runner.php, line 65
DebugKit\Middleware\DebugKitMiddleware::__invoke() - ROOT\vendor\cakephp\debug_kit\src\Middleware\DebugKitMiddleware.php, line 53
Cake\Http\Runner::__invoke() - CORE\src\Http\Runner.php, line 65
Cake\Http\Runner::run() - CORE\src\Http\Runner.php, line 51
Cake\Http\Server::run() - CORE\src\Http\Server.php, line 97
[main] - ROOT\webroot\index.php, line 40



2020-10-20 04:53:00 Notice: Notice (8): Undefined property: Cake\ORM\Query::$name in [C:\Program Files\Ampps\www\CompagnieInfo\src\Template\Home\index.ctp, line 28]
Request URL: /home
Referer URL: http://localhost/CompagnieInfo/home
Trace:
Cake\Error\BaseErrorHandler::handleError() - CORE\src\Error\BaseErrorHandler.php, line 168
include - APP/Template\Home\index.ctp, line 28
Cake\View\View::_evaluate() - CORE\src\View\View.php, line 1435
Cake\View\View::_render() - CORE\src\View\View.php, line 1393
Cake\View\View::render() - CORE\src\View\View.php, line 892
Cake\Controller\Controller::render() - CORE\src\Controller\Controller.php, line 791
Cake\Http\ActionDispatcher::_invoke() - CORE\src\Http\ActionDispatcher.php, line 126
Cake\Http\ActionDispatcher::dispatch() - CORE\src\Http\ActionDispatcher.php, line 94
Cake\Http\BaseApplication::__invoke() - CORE\src\Http\BaseApplication.php, line 256
Cake\Http\Runner::__invoke() - CORE\src\Http\Runner.php, line 65
Cake\Http\Runner::__invoke() - CORE\src\Http\Runner.php, line 65
Cake\Http\Middleware\CsrfProtectionMiddleware::__invoke() - CORE\src\Http\Middleware\CsrfProtectionMiddleware.php, line 126
Cake\Http\Runner::__invoke() - CORE\src\Http\Runner.php, line 65
Cake\Http\Runner::run() - CORE\src\Http\Runner.php, line 51
Cake\Routing\Middleware\RoutingMiddleware::__invoke() - CORE\src\Routing\Middleware\RoutingMiddleware.php, line 170
Cake\Http\Runner::__invoke() - CORE\src\Http\Runner.php, line 65
Cake\Routing\Middleware\AssetMiddleware::__invoke() - CORE\src\Routing\Middleware\AssetMiddleware.php, line 88
Cake\Http\Runner::__invoke() - CORE\src\Http\Runner.php, line 65
Cake\Error\Middleware\ErrorHandlerMiddleware::__invoke() - CORE\src\Error\Middleware\ErrorHandlerMiddleware.php, line 96
Cake\Http\Runner::__invoke() - CORE\src\Http\Runner.php, line 65
DebugKit\Middleware\DebugKitMiddleware::__invoke() - ROOT\vendor\cakephp\debug_kit\src\Middleware\DebugKitMiddleware.php, line 53
Cake\Http\Runner::__invoke() - CORE\src\Http\Runner.php, line 65
Cake\Http\Runner::run() - CORE\src\Http\Runner.php, line 51
Cake\Http\Server::run() - CORE\src\Http\Server.php, line 97
[main] - ROOT\webroot\index.php, line 40



2020-10-20 04:53:00 Notice: Deprecated (16384): ServerRequest::session() is deprecated. Use getSession() instead. The setter part will be removed. - C:\Program Files\Ampps\www\CompagnieInfo\src\Template\Layout\default.ctp, line: 47
 You can disable deprecation warnings by setting `Error.errorLevel` to `E_ALL & ~E_USER_DEPRECATED` in your config/app.php. in [C:\Program Files\Ampps\www\CompagnieInfo\vendor\cakephp\cakephp\src\Core\functions.php, line 311]
Request URL: /home
Referer URL: http://localhost/CompagnieInfo/home
Trace:
Cake\Error\BaseErrorHandler::handleError() - CORE\src\Error\BaseErrorHandler.php, line 168
deprecationWarning - CORE\src\Core\functions.php, line 311
Cake\Http\ServerRequest::session() - CORE\src\Http\ServerRequest.php, line 588
include - APP/Template\Layout\default.ctp, line 47
Cake\View\View::_evaluate() - CORE\src\View\View.php, line 1435
Cake\View\View::_render() - CORE\src\View\View.php, line 1393
Cake\View\View::renderLayout() - CORE\src\View\View.php, line 939
Cake\View\View::render() - CORE\src\View\View.php, line 897
Cake\Controller\Controller::render() - CORE\src\Controller\Controller.php, line 791
Cake\Http\ActionDispatcher::_invoke() - CORE\src\Http\ActionDispatcher.php, line 126
Cake\Http\ActionDispatcher::dispatch() - CORE\src\Http\ActionDispatcher.php, line 94
Cake\Http\BaseApplication::__invoke() - CORE\src\Http\BaseApplication.php, line 256
Cake\Http\Runner::__invoke() - CORE\src\Http\Runner.php, line 65
Cake\Http\Runner::__invoke() - CORE\src\Http\Runner.php, line 65
Cake\Http\Middleware\CsrfProtectionMiddleware::__invoke() - CORE\src\Http\Middleware\CsrfProtectionMiddleware.php, line 126
Cake\Http\Runner::__invoke() - CORE\src\Http\Runner.php, line 65
Cake\Http\Runner::run() - CORE\src\Http\Runner.php, line 51
Cake\Routing\Middleware\RoutingMiddleware::__invoke() - CORE\src\Routing\Middleware\RoutingMiddleware.php, line 170
Cake\Http\Runner::__invoke() - CORE\src\Http\Runner.php, line 65
Cake\Routing\Middleware\AssetMiddleware::__invoke() - CORE\src\Routing\Middleware\AssetMiddleware.php, line 88
Cake\Http\Runner::__invoke() - CORE\src\Http\Runner.php, line 65
Cake\Error\Middleware\ErrorHandlerMiddleware::__invoke() - CORE\src\Error\Middleware\ErrorHandlerMiddleware.php, line 96
Cake\Http\Runner::__invoke() - CORE\src\Http\Runner.php, line 65
DebugKit\Middleware\DebugKitMiddleware::__invoke() - ROOT\vendor\cakephp\debug_kit\src\Middleware\DebugKitMiddleware.php, line 53
Cake\Http\Runner::__invoke() - CORE\src\Http\Runner.php, line 65
Cake\Http\Runner::run() - CORE\src\Http\Runner.php, line 51
Cake\Http\Server::run() - CORE\src\Http\Server.php, line 97
[main] - ROOT\webroot\index.php, line 40



2020-10-20 04:54:36 Notice: Notice (8): Undefined property: Cake\ORM\Query::$name in [C:\Program Files\Ampps\www\CompagnieInfo\src\Template\Home\index.ctp, line 28]
Request URL: /home
Referer URL: http://localhost/CompagnieInfo/home
Trace:
Cake\Error\BaseErrorHandler::handleError() - CORE\src\Error\BaseErrorHandler.php, line 168
Cake\Core\BasePlugin::{closure}() - ROOT\vendor\cakephp\debug_kit\config\bootstrap.php, line 43
include - APP/Template\Home\index.ctp, line 28
Cake\View\View::_evaluate() - CORE\src\View\View.php, line 1435
Cake\View\View::_render() - CORE\src\View\View.php, line 1393
Cake\View\View::render() - CORE\src\View\View.php, line 892
Cake\Controller\Controller::render() - CORE\src\Controller\Controller.php, line 791
Cake\Http\ActionDispatcher::_invoke() - CORE\src\Http\ActionDispatcher.php, line 126
Cake\Http\ActionDispatcher::dispatch() - CORE\src\Http\ActionDispatcher.php, line 94
Cake\Http\BaseApplication::__invoke() - CORE\src\Http\BaseApplication.php, line 256
Cake\Http\Runner::__invoke() - CORE\src\Http\Runner.php, line 65
Cake\Http\Runner::__invoke() - CORE\src\Http\Runner.php, line 65
Cake\Http\Middleware\CsrfProtectionMiddleware::__invoke() - CORE\src\Http\Middleware\CsrfProtectionMiddleware.php, line 126
Cake\Http\Runner::__invoke() - CORE\src\Http\Runner.php, line 65
Cake\Http\Runner::run() - CORE\src\Http\Runner.php, line 51
Cake\Routing\Middleware\RoutingMiddleware::__invoke() - CORE\src\Routing\Middleware\RoutingMiddleware.php, line 170
Cake\Http\Runner::__invoke() - CORE\src\Http\Runner.php, line 65
Cake\Routing\Middleware\AssetMiddleware::__invoke() - CORE\src\Routing\Middleware\AssetMiddleware.php, line 88
Cake\Http\Runner::__invoke() - CORE\src\Http\Runner.php, line 65
Cake\Error\Middleware\ErrorHandlerMiddleware::__invoke() - CORE\src\Error\Middleware\ErrorHandlerMiddleware.php, line 96
Cake\Http\Runner::__invoke() - CORE\src\Http\Runner.php, line 65
DebugKit\Middleware\DebugKitMiddleware::__invoke() - ROOT\vendor\cakephp\debug_kit\src\Middleware\DebugKitMiddleware.php, line 53
Cake\Http\Runner::__invoke() - CORE\src\Http\Runner.php, line 65
Cake\Http\Runner::run() - CORE\src\Http\Runner.php, line 51
Cake\Http\Server::run() - CORE\src\Http\Server.php, line 97
[main] - ROOT\webroot\index.php, line 40



2020-10-20 04:54:36 Notice: Notice (8): Undefined property: Cake\ORM\Query::$name in [C:\Program Files\Ampps\www\CompagnieInfo\src\Template\Home\index.ctp, line 28]
Request URL: /home
Referer URL: http://localhost/CompagnieInfo/home
Trace:
Cake\Error\BaseErrorHandler::handleError() - CORE\src\Error\BaseErrorHandler.php, line 168
include - APP/Template\Home\index.ctp, line 28
Cake\View\View::_evaluate() - CORE\src\View\View.php, line 1435
Cake\View\View::_render() - CORE\src\View\View.php, line 1393
Cake\View\View::render() - CORE\src\View\View.php, line 892
Cake\Controller\Controller::render() - CORE\src\Controller\Controller.php, line 791
Cake\Http\ActionDispatcher::_invoke() - CORE\src\Http\ActionDispatcher.php, line 126
Cake\Http\ActionDispatcher::dispatch() - CORE\src\Http\ActionDispatcher.php, line 94
Cake\Http\BaseApplication::__invoke() - CORE\src\Http\BaseApplication.php, line 256
Cake\Http\Runner::__invoke() - CORE\src\Http\Runner.php, line 65
Cake\Http\Runner::__invoke() - CORE\src\Http\Runner.php, line 65
Cake\Http\Middleware\CsrfProtectionMiddleware::__invoke() - CORE\src\Http\Middleware\CsrfProtectionMiddleware.php, line 126
Cake\Http\Runner::__invoke() - CORE\src\Http\Runner.php, line 65
Cake\Http\Runner::run() - CORE\src\Http\Runner.php, line 51
Cake\Routing\Middleware\RoutingMiddleware::__invoke() - CORE\src\Routing\Middleware\RoutingMiddleware.php, line 170
Cake\Http\Runner::__invoke() - CORE\src\Http\Runner.php, line 65
Cake\Routing\Middleware\AssetMiddleware::__invoke() - CORE\src\Routing\Middleware\AssetMiddleware.php, line 88
Cake\Http\Runner::__invoke() - CORE\src\Http\Runner.php, line 65
Cake\Error\Middleware\ErrorHandlerMiddleware::__invoke() - CORE\src\Error\Middleware\ErrorHandlerMiddleware.php, line 96
Cake\Http\Runner::__invoke() - CORE\src\Http\Runner.php, line 65
DebugKit\Middleware\DebugKitMiddleware::__invoke() - ROOT\vendor\cakephp\debug_kit\src\Middleware\DebugKitMiddleware.php, line 53
Cake\Http\Runner::__invoke() - CORE\src\Http\Runner.php, line 65
Cake\Http\Runner::run() - CORE\src\Http\Runner.php, line 51
Cake\Http\Server::run() - CORE\src\Http\Server.php, line 97
[main] - ROOT\webroot\index.php, line 40



2020-10-20 04:54:36 Notice: Notice (8): Undefined property: Cake\ORM\Query::$name in [C:\Program Files\Ampps\www\CompagnieInfo\src\Template\Home\index.ctp, line 28]
Request URL: /home
Referer URL: http://localhost/CompagnieInfo/home
Trace:
Cake\Error\BaseErrorHandler::handleError() - CORE\src\Error\BaseErrorHandler.php, line 168
include - APP/Template\Home\index.ctp, line 28
Cake\View\View::_evaluate() - CORE\src\View\View.php, line 1435
Cake\View\View::_render() - CORE\src\View\View.php, line 1393
Cake\View\View::render() - CORE\src\View\View.php, line 892
Cake\Controller\Controller::render() - CORE\src\Controller\Controller.php, line 791
Cake\Http\ActionDispatcher::_invoke() - CORE\src\Http\ActionDispatcher.php, line 126
Cake\Http\ActionDispatcher::dispatch() - CORE\src\Http\ActionDispatcher.php, line 94
Cake\Http\BaseApplication::__invoke() - CORE\src\Http\BaseApplication.php, line 256
Cake\Http\Runner::__invoke() - CORE\src\Http\Runner.php, line 65
Cake\Http\Runner::__invoke() - CORE\src\Http\Runner.php, line 65
Cake\Http\Middleware\CsrfProtectionMiddleware::__invoke() - CORE\src\Http\Middleware\CsrfProtectionMiddleware.php, line 126
Cake\Http\Runner::__invoke() - CORE\src\Http\Runner.php, line 65
Cake\Http\Runner::run() - CORE\src\Http\Runner.php, line 51
Cake\Routing\Middleware\RoutingMiddleware::__invoke() - CORE\src\Routing\Middleware\RoutingMiddleware.php, line 170
Cake\Http\Runner::__invoke() - CORE\src\Http\Runner.php, line 65
Cake\Routing\Middleware\AssetMiddleware::__invoke() - CORE\src\Routing\Middleware\AssetMiddleware.php, line 88
Cake\Http\Runner::__invoke() - CORE\src\Http\Runner.php, line 65
Cake\Error\Middleware\ErrorHandlerMiddleware::__invoke() - CORE\src\Error\Middleware\ErrorHandlerMiddleware.php, line 96
Cake\Http\Runner::__invoke() - CORE\src\Http\Runner.php, line 65
DebugKit\Middleware\DebugKitMiddleware::__invoke() - ROOT\vendor\cakephp\debug_kit\src\Middleware\DebugKitMiddleware.php, line 53
Cake\Http\Runner::__invoke() - CORE\src\Http\Runner.php, line 65
Cake\Http\Runner::run() - CORE\src\Http\Runner.php, line 51
Cake\Http\Server::run() - CORE\src\Http\Server.php, line 97
[main] - ROOT\webroot\index.php, line 40



2020-10-20 04:54:36 Notice: Notice (8): Undefined property: Cake\ORM\Query::$name in [C:\Program Files\Ampps\www\CompagnieInfo\src\Template\Home\index.ctp, line 28]
Request URL: /home
Referer URL: http://localhost/CompagnieInfo/home
Trace:
Cake\Error\BaseErrorHandler::handleError() - CORE\src\Error\BaseErrorHandler.php, line 168
include - APP/Template\Home\index.ctp, line 28
Cake\View\View::_evaluate() - CORE\src\View\View.php, line 1435
Cake\View\View::_render() - CORE\src\View\View.php, line 1393
Cake\View\View::render() - CORE\src\View\View.php, line 892
Cake\Controller\Controller::render() - CORE\src\Controller\Controller.php, line 791
Cake\Http\ActionDispatcher::_invoke() - CORE\src\Http\ActionDispatcher.php, line 126
Cake\Http\ActionDispatcher::dispatch() - CORE\src\Http\ActionDispatcher.php, line 94
Cake\Http\BaseApplication::__invoke() - CORE\src\Http\BaseApplication.php, line 256
Cake\Http\Runner::__invoke() - CORE\src\Http\Runner.php, line 65
Cake\Http\Runner::__invoke() - CORE\src\Http\Runner.php, line 65
Cake\Http\Middleware\CsrfProtectionMiddleware::__invoke() - CORE\src\Http\Middleware\CsrfProtectionMiddleware.php, line 126
Cake\Http\Runner::__invoke() - CORE\src\Http\Runner.php, line 65
Cake\Http\Runner::run() - CORE\src\Http\Runner.php, line 51
Cake\Routing\Middleware\RoutingMiddleware::__invoke() - CORE\src\Routing\Middleware\RoutingMiddleware.php, line 170
Cake\Http\Runner::__invoke() - CORE\src\Http\Runner.php, line 65
Cake\Routing\Middleware\AssetMiddleware::__invoke() - CORE\src\Routing\Middleware\AssetMiddleware.php, line 88
Cake\Http\Runner::__invoke() - CORE\src\Http\Runner.php, line 65
Cake\Error\Middleware\ErrorHandlerMiddleware::__invoke() - CORE\src\Error\Middleware\ErrorHandlerMiddleware.php, line 96
Cake\Http\Runner::__invoke() - CORE\src\Http\Runner.php, line 65
DebugKit\Middleware\DebugKitMiddleware::__invoke() - ROOT\vendor\cakephp\debug_kit\src\Middleware\DebugKitMiddleware.php, line 53
Cake\Http\Runner::__invoke() - CORE\src\Http\Runner.php, line 65
Cake\Http\Runner::run() - CORE\src\Http\Runner.php, line 51
Cake\Http\Server::run() - CORE\src\Http\Server.php, line 97
[main] - ROOT\webroot\index.php, line 40



2020-10-20 04:54:36 Notice: Deprecated (16384): ServerRequest::session() is deprecated. Use getSession() instead. The setter part will be removed. - C:\Program Files\Ampps\www\CompagnieInfo\src\Template\Layout\default.ctp, line: 47
 You can disable deprecation warnings by setting `Error.errorLevel` to `E_ALL & ~E_USER_DEPRECATED` in your config/app.php. in [C:\Program Files\Ampps\www\CompagnieInfo\vendor\cakephp\cakephp\src\Core\functions.php, line 311]
Request URL: /home
Referer URL: http://localhost/CompagnieInfo/home
Trace:
Cake\Error\BaseErrorHandler::handleError() - CORE\src\Error\BaseErrorHandler.php, line 168
deprecationWarning - CORE\src\Core\functions.php, line 311
Cake\Http\ServerRequest::session() - CORE\src\Http\ServerRequest.php, line 588
include - APP/Template\Layout\default.ctp, line 47
Cake\View\View::_evaluate() - CORE\src\View\View.php, line 1435
Cake\View\View::_render() - CORE\src\View\View.php, line 1393
Cake\View\View::renderLayout() - CORE\src\View\View.php, line 939
Cake\View\View::render() - CORE\src\View\View.php, line 897
Cake\Controller\Controller::render() - CORE\src\Controller\Controller.php, line 791
Cake\Http\ActionDispatcher::_invoke() - CORE\src\Http\ActionDispatcher.php, line 126
Cake\Http\ActionDispatcher::dispatch() - CORE\src\Http\ActionDispatcher.php, line 94
Cake\Http\BaseApplication::__invoke() - CORE\src\Http\BaseApplication.php, line 256
Cake\Http\Runner::__invoke() - CORE\src\Http\Runner.php, line 65
Cake\Http\Runner::__invoke() - CORE\src\Http\Runner.php, line 65
Cake\Http\Middleware\CsrfProtectionMiddleware::__invoke() - CORE\src\Http\Middleware\CsrfProtectionMiddleware.php, line 126
Cake\Http\Runner::__invoke() - CORE\src\Http\Runner.php, line 65
Cake\Http\Runner::run() - CORE\src\Http\Runner.php, line 51
Cake\Routing\Middleware\RoutingMiddleware::__invoke() - CORE\src\Routing\Middleware\RoutingMiddleware.php, line 170
Cake\Http\Runner::__invoke() - CORE\src\Http\Runner.php, line 65
Cake\Routing\Middleware\AssetMiddleware::__invoke() - CORE\src\Routing\Middleware\AssetMiddleware.php, line 88
Cake\Http\Runner::__invoke() - CORE\src\Http\Runner.php, line 65
Cake\Error\Middleware\ErrorHandlerMiddleware::__invoke() - CORE\src\Error\Middleware\ErrorHandlerMiddleware.php, line 96
Cake\Http\Runner::__invoke() - CORE\src\Http\Runner.php, line 65
DebugKit\Middleware\DebugKitMiddleware::__invoke() - ROOT\vendor\cakephp\debug_kit\src\Middleware\DebugKitMiddleware.php, line 53
Cake\Http\Runner::__invoke() - CORE\src\Http\Runner.php, line 65
Cake\Http\Runner::run() - CORE\src\Http\Runner.php, line 51
Cake\Http\Server::run() - CORE\src\Http\Server.php, line 97
[main] - ROOT\webroot\index.php, line 40



